<?xml version="1.0" encoding="UTF-8"?>
<testng-results skipped="0" failed="1" ignored="1" total="4" passed="2">
  <reporter-output>
  </reporter-output>
  <suite name="Default suite" duration-ms="10496" started-at="2020-03-26T10:48:25Z" finished-at="2020-03-26T10:48:36Z">
    <groups>
    </groups>
    <test name="Default test" duration-ms="10496" started-at="2020-03-26T10:48:25Z" finished-at="2020-03-26T10:48:36Z">
      <class name="m8_extentreports.reportgen1">
        <test-method status="PASS" signature="startreport()[pri:0, instance:m8_extentreports.reportgen1@25bbe1b6]" name="startreport" is-config="true" duration-ms="198" started-at="2020-03-26T16:18:25Z" finished-at="2020-03-26T16:18:25Z">
          <reporter-output>
          </reporter-output>
        </test-method> <!-- startreport -->
        <test-method status="PASS" signature="logindemoshop()[pri:0, instance:m8_extentreports.reportgen1@25bbe1b6]" name="logindemoshop" duration-ms="9172" started-at="2020-03-26T16:18:25Z" finished-at="2020-03-26T16:18:35Z">
          <reporter-output>
          </reporter-output>
        </test-method> <!-- logindemoshop -->
        <test-method status="PASS" signature="getresulttest(org.testng.ITestResult)[pri:0, instance:m8_extentreports.reportgen1@25bbe1b6]" name="getresulttest" is-config="true" duration-ms="13" started-at="2020-03-26T16:18:35Z" finished-at="2020-03-26T16:18:35Z">
          <params>
            <param index="0">
              <value>
                <![CDATA[[TestResult name=logindemoshop status=SUCCESS method=reportgen1.logindemoshop()[pri:0, instance:m8_extentreports.reportgen1@25bbe1b6] output={null}]]]>
              </value>
            </param>
          </params>
          <reporter-output>
          </reporter-output>
        </test-method> <!-- getresulttest -->
        <test-method status="PASS" signature="testcase01()[pri:0, instance:m8_extentreports.reportgen1@25bbe1b6]" name="testcase01" duration-ms="2" started-at="2020-03-26T16:18:35Z" finished-at="2020-03-26T16:18:35Z">
          <reporter-output>
          </reporter-output>
        </test-method> <!-- testcase01 -->
        <test-method status="PASS" signature="getresulttest(org.testng.ITestResult)[pri:0, instance:m8_extentreports.reportgen1@25bbe1b6]" name="getresulttest" is-config="true" duration-ms="5" started-at="2020-03-26T16:18:35Z" finished-at="2020-03-26T16:18:35Z">
          <params>
            <param index="0">
              <value>
                <![CDATA[[TestResult name=testcase01 status=SUCCESS method=reportgen1.testcase01()[pri:0, instance:m8_extentreports.reportgen1@25bbe1b6] output={null}]]]>
              </value>
            </param>
          </params>
          <reporter-output>
          </reporter-output>
        </test-method> <!-- getresulttest -->
        <test-method status="FAIL" signature="testcase02()[pri:0, instance:m8_extentreports.reportgen1@25bbe1b6]" name="testcase02" duration-ms="9" started-at="2020-03-26T16:18:35Z" finished-at="2020-03-26T16:18:35Z">
          <exception class="java.lang.AssertionError">
            <message>
              <![CDATA[expected [20] but found [10]]]>
            </message>
            <full-stacktrace>
              <![CDATA[java.lang.AssertionError: expected [20] but found [10]
	at org.testng.Assert.fail(Assert.java:93)
	at org.testng.Assert.failNotEquals(Assert.java:512)
	at org.testng.Assert.assertEqualsImpl(Assert.java:134)
	at org.testng.Assert.assertEquals(Assert.java:115)
	at org.testng.Assert.assertEquals(Assert.java:388)
	at org.testng.Assert.assertEquals(Assert.java:398)
	at m8_extentreports.reportgen1.testcase02(reportgen1.java:66)
	at sun.reflect.NativeMethodAccessorImpl.invoke0(Native Method)
	at sun.reflect.NativeMethodAccessorImpl.invoke(Unknown Source)
	at sun.reflect.DelegatingMethodAccessorImpl.invoke(Unknown Source)
	at java.lang.reflect.Method.invoke(Unknown Source)
	at org.testng.internal.MethodInvocationHelper.invokeMethod(MethodInvocationHelper.java:108)
	at org.testng.internal.Invoker.invokeMethod(Invoker.java:661)
	at org.testng.internal.Invoker.invokeTestMethod(Invoker.java:869)
	at org.testng.internal.Invoker.invokeTestMethods(Invoker.java:1193)
	at org.testng.internal.TestMethodWorker.invokeTestMethods(TestMethodWorker.java:126)
	at org.testng.internal.TestMethodWorker.run(TestMethodWorker.java:109)
	at org.testng.TestRunner.privateRun(TestRunner.java:744)
	at org.testng.TestRunner.run(TestRunner.java:602)
	at org.testng.SuiteRunner.runTest(SuiteRunner.java:380)
	at org.testng.SuiteRunner.runSequentially(SuiteRunner.java:375)
	at org.testng.SuiteRunner.privateRun(SuiteRunner.java:340)
	at org.testng.SuiteRunner.run(SuiteRunner.java:289)
	at org.testng.SuiteRunnerWorker.runSuite(SuiteRunnerWorker.java:52)
	at org.testng.SuiteRunnerWorker.run(SuiteRunnerWorker.java:86)
	at org.testng.TestNG.runSuitesSequentially(TestNG.java:1301)
	at org.testng.TestNG.runSuitesLocally(TestNG.java:1226)
	at org.testng.TestNG.runSuites(TestNG.java:1144)
	at org.testng.TestNG.run(TestNG.java:1115)
	at org.testng.remote.AbstractRemoteTestNG.run(AbstractRemoteTestNG.java:132)
	at org.testng.remote.RemoteTestNG.initAndRun(RemoteTestNG.java:230)
	at org.testng.remote.RemoteTestNG.main(RemoteTestNG.java:76)
]]>
            </full-stacktrace>
          </exception> <!-- java.lang.AssertionError -->
          <reporter-output>
          </reporter-output>
        </test-method> <!-- testcase02 -->
        <test-method status="PASS" signature="getresulttest(org.testng.ITestResult)[pri:0, instance:m8_extentreports.reportgen1@25bbe1b6]" name="getresulttest" is-config="true" duration-ms="534" started-at="2020-03-26T16:18:35Z" finished-at="2020-03-26T16:18:35Z">
          <params>
            <param index="0">
              <value>
                <![CDATA[[TestResult name=testcase02 status=FAILURE method=reportgen1.testcase02()[pri:0, instance:m8_extentreports.reportgen1@25bbe1b6] output={null}]]]>
              </value>
            </param>
          </params>
          <reporter-output>
          </reporter-output>
        </test-method> <!-- getresulttest -->
        <test-method status="PASS" signature="endreport()[pri:0, instance:m8_extentreports.reportgen1@25bbe1b6]" name="endreport" is-config="true" duration-ms="529" started-at="2020-03-26T16:18:35Z" finished-at="2020-03-26T16:18:36Z">
          <reporter-output>
          </reporter-output>
        </test-method> <!-- endreport -->
      </class> <!-- m8_extentreports.reportgen1 -->
    </test> <!-- Default test -->
  </suite> <!-- Default suite -->
</testng-results>
